
A module that was compiled using NumPy 1.x cannot be run in
NumPy 2.2.0 as it may crash. To support both 1.x and 2.x
versions of NumPy, modules must be compiled with NumPy 2.0.
Some module may need to rebuild instead e.g. with 'pybind11>=2.12'.

If you are a user of the module, the easiest solution will be to
downgrade to 'numpy<2' or try to upgrade the affected module.
We expect that some modules will need time to support NumPy 2.

Traceback (most recent call last):  File "/ece/home/nalla052/HISIM-develop/HISIM-SystolicArray/SA_run_tb.py", line 45, in <module>
    import pandas as pd
  File "/home/nalla052/.local/lib/python3.11/site-packages/pandas/__init__.py", line 26, in <module>
    from pandas.compat import (
  File "/home/nalla052/.local/lib/python3.11/site-packages/pandas/compat/__init__.py", line 27, in <module>
    from pandas.compat.pyarrow import (
  File "/home/nalla052/.local/lib/python3.11/site-packages/pandas/compat/pyarrow.py", line 8, in <module>
    import pyarrow as pa
  File "/usr/local/anaconda3/lib/python3.11/site-packages/pyarrow/__init__.py", line 65, in <module>
    import pyarrow.lib as _lib
AttributeError: _ARRAY_API not found

A module that was compiled using NumPy 1.x cannot be run in
NumPy 2.2.0 as it may crash. To support both 1.x and 2.x
versions of NumPy, modules must be compiled with NumPy 2.0.
Some module may need to rebuild instead e.g. with 'pybind11>=2.12'.

If you are a user of the module, the easiest solution will be to
downgrade to 'numpy<2' or try to upgrade the affected module.
We expect that some modules will need time to support NumPy 2.

Traceback (most recent call last):  File "/ece/home/nalla052/HISIM-develop/HISIM-SystolicArray/SA_run_tb.py", line 45, in <module>
    import pandas as pd
  File "/home/nalla052/.local/lib/python3.11/site-packages/pandas/__init__.py", line 49, in <module>
    from pandas.core.api import (
  File "/home/nalla052/.local/lib/python3.11/site-packages/pandas/core/api.py", line 9, in <module>
    from pandas.core.dtypes.dtypes import (
  File "/home/nalla052/.local/lib/python3.11/site-packages/pandas/core/dtypes/dtypes.py", line 24, in <module>
    from pandas._libs import (
  File "/usr/local/anaconda3/lib/python3.11/site-packages/pyarrow/__init__.py", line 65, in <module>
    import pyarrow.lib as _lib
AttributeError: _ARRAY_API not found

A module that was compiled using NumPy 1.x cannot be run in
NumPy 2.2.0 as it may crash. To support both 1.x and 2.x
versions of NumPy, modules must be compiled with NumPy 2.0.
Some module may need to rebuild instead e.g. with 'pybind11>=2.12'.

If you are a user of the module, the easiest solution will be to
downgrade to 'numpy<2' or try to upgrade the affected module.
We expect that some modules will need time to support NumPy 2.

Traceback (most recent call last):  File "/ece/home/nalla052/HISIM-develop/HISIM-SystolicArray/SA_run_tb.py", line 45, in <module>
    import pandas as pd
  File "/home/nalla052/.local/lib/python3.11/site-packages/pandas/__init__.py", line 49, in <module>
    from pandas.core.api import (
  File "/home/nalla052/.local/lib/python3.11/site-packages/pandas/core/api.py", line 28, in <module>
    from pandas.core.arrays import Categorical
  File "/home/nalla052/.local/lib/python3.11/site-packages/pandas/core/arrays/__init__.py", line 1, in <module>
    from pandas.core.arrays.arrow import ArrowExtensionArray
  File "/home/nalla052/.local/lib/python3.11/site-packages/pandas/core/arrays/arrow/__init__.py", line 5, in <module>
    from pandas.core.arrays.arrow.array import ArrowExtensionArray
  File "/home/nalla052/.local/lib/python3.11/site-packages/pandas/core/arrays/arrow/array.py", line 50, in <module>
    from pandas.core import (
  File "/home/nalla052/.local/lib/python3.11/site-packages/pandas/core/ops/__init__.py", line 8, in <module>
    from pandas.core.ops.array_ops import (
  File "/home/nalla052/.local/lib/python3.11/site-packages/pandas/core/ops/array_ops.py", line 56, in <module>
    from pandas.core.computation import expressions
  File "/home/nalla052/.local/lib/python3.11/site-packages/pandas/core/computation/expressions.py", line 21, in <module>
    from pandas.core.computation.check import NUMEXPR_INSTALLED
  File "/home/nalla052/.local/lib/python3.11/site-packages/pandas/core/computation/check.py", line 5, in <module>
    ne = import_optional_dependency("numexpr", errors="warn")
  File "/home/nalla052/.local/lib/python3.11/site-packages/pandas/compat/_optional.py", line 135, in import_optional_dependency
    module = importlib.import_module(name)
  File "/usr/local/anaconda3/lib/python3.11/importlib/__init__.py", line 126, in import_module
    return _bootstrap._gcd_import(name[level:], package, level)
  File "/usr/local/anaconda3/lib/python3.11/site-packages/numexpr/__init__.py", line 24, in <module>
    from numexpr.interpreter import MAX_THREADS, use_vml, __BLOCK_SIZE1__
AttributeError: _ARRAY_API not found

A module that was compiled using NumPy 1.x cannot be run in
NumPy 2.2.0 as it may crash. To support both 1.x and 2.x
versions of NumPy, modules must be compiled with NumPy 2.0.
Some module may need to rebuild instead e.g. with 'pybind11>=2.12'.

If you are a user of the module, the easiest solution will be to
downgrade to 'numpy<2' or try to upgrade the affected module.
We expect that some modules will need time to support NumPy 2.

Traceback (most recent call last):  File "/ece/home/nalla052/HISIM-develop/HISIM-SystolicArray/SA_run_tb.py", line 45, in <module>
    import pandas as pd
  File "/home/nalla052/.local/lib/python3.11/site-packages/pandas/__init__.py", line 49, in <module>
    from pandas.core.api import (
  File "/home/nalla052/.local/lib/python3.11/site-packages/pandas/core/api.py", line 28, in <module>
    from pandas.core.arrays import Categorical
  File "/home/nalla052/.local/lib/python3.11/site-packages/pandas/core/arrays/__init__.py", line 1, in <module>
    from pandas.core.arrays.arrow import ArrowExtensionArray
  File "/home/nalla052/.local/lib/python3.11/site-packages/pandas/core/arrays/arrow/__init__.py", line 5, in <module>
    from pandas.core.arrays.arrow.array import ArrowExtensionArray
  File "/home/nalla052/.local/lib/python3.11/site-packages/pandas/core/arrays/arrow/array.py", line 64, in <module>
    from pandas.core.arrays.masked import BaseMaskedArray
  File "/home/nalla052/.local/lib/python3.11/site-packages/pandas/core/arrays/masked.py", line 60, in <module>
    from pandas.core import (
  File "/home/nalla052/.local/lib/python3.11/site-packages/pandas/core/nanops.py", line 52, in <module>
    bn = import_optional_dependency("bottleneck", errors="warn")
  File "/home/nalla052/.local/lib/python3.11/site-packages/pandas/compat/_optional.py", line 135, in import_optional_dependency
    module = importlib.import_module(name)
  File "/usr/local/anaconda3/lib/python3.11/importlib/__init__.py", line 126, in import_module
    return _bootstrap._gcd_import(name[level:], package, level)
  File "/usr/local/anaconda3/lib/python3.11/site-packages/bottleneck/__init__.py", line 7, in <module>
    from .move import (move_argmax, move_argmin, move_max, move_mean, move_median,
AttributeError: _ARRAY_API not found
target:  /ece/home/nalla052/HISIM-develop/HISIM-SystolicArray/Module_AI_Map/AI_Networks
vit:  /ece/home/nalla052/HISIM-develop/HISIM-SystolicArray/Module_AI_Map/AI_Networks/GCN/VIT_base.csv
onnx:  /ece/home/nalla052/HISIM-develop/HISIM-SystolicArray/Module_AI_Map/Onnx_codes/Onnx_network
Test Case 1: Running HISIM to obtain PPA
AI Network: ViT
HW configuration (SAsize-Npe-Ntile-Ntier-Nstack-chip_arch):128-36-64-2-2-3.5D
=========================================start HISIM simulation =========================================  

Loading file: /ece/home/nalla052/HISIM-develop/HISIM-SystolicArray/Module_AI_Map/Onnx_codes/Onnx_network/Network_vit.csv
Data loaded successfully from Network_vit.csv
---------------------------------------------------- 

start mapping  vit 

----------computing performance results-----------------
--------------------------------------------------------
Total compute latency 123558.0 ns
Total dynamic energy 43.75618 mJ
Overall compute Power 354.1347 W
Total tiles area 105102.97602 mm2
Total tiles area each tier, 26275.744 mm2
Computing model sim time is: 0.025989055633544922 s
--------------------------------------------------------
----------computing performance done--------------------


----------network performance results--------------------
----------network data information-----------------------
Total Q bits for 2d communication: 123596102
Total HOP for 2d communication: 67984
Total Q bits for 3d communication: 1968398
Total HOP for 3d communication: 11136
Total Q bits for 2.5d communication: 5529600
--------------network area report------------------------
single tile area 410.5585 mm2
single router area 0.00997 mm2
edge length single router 0.09987 mm
edge length single tile 20.26224 mm
total 3d stack area 53070.80129 mm2
2.5d area 76.7086
---------------------------------------------------------
2D NoC W2d 32
3D TSV W3d 242
network total energy 375550928.81308 pJ
network power 66.36943 mW
total NoC latency 8164001.51879 ns
computing latency 123558.0 ns
total system latency 8287559.51879 ns
----------network performance done--------------------


-------------------network time report--------------------
The noc sim time is: 1.328460693359375 s
The total computing+network sim time is: 1.35444974899292 s 



Total sim time is: 1.3544654846191406 s
Test case 1 done. Please check Results/PPA.csv for PPA information and Results/tile_map.png for tile mapping information

Press Enter to execute next test caseTest Case 2: Running HISIM to obtain PPA
AI Network: densenet121
HW configuration (SAsize-Npe-Ntile-Ntier-Nstack-chip_arch):128-36-144-2-2-3.5D
=========================================start HISIM simulation =========================================  

Loading file: /ece/home/nalla052/HISIM-develop/HISIM-SystolicArray/Module_AI_Map/Onnx_codes/Onnx_network/Network_densenet121.csv
Data loaded successfully from Network_densenet121.csv
---------------------------------------------------- 

start mapping  densenet121 

----------computing performance results-----------------
--------------------------------------------------------
Total compute latency 158646.0 ns
Total dynamic energy 7.91772 mJ
Overall compute Power 49.90811 W
Total tiles area 118060.78842 mm2
Total tiles area each tier, 59030.39421 mm2
Computing model sim time is: 0.021375656127929688 s
--------------------------------------------------------
----------computing performance done--------------------


----------network performance results--------------------
----------network data information-----------------------
Total Q bits for 2d communication: 54264668
Total HOP for 2d communication: 245059
Total Q bits for 3d communication: 487728
Total HOP for 3d communication: 22176
--------------network area report------------------------
single tile area 409.93329 mm2
single router area 0.00999 mm2
edge length single router 0.09993 mm
edge length single tile 20.24681 mm
total 3d stack area 59614.53239 mm2
2.5d area 0
---------------------------------------------------------
2D NoC W2d 32
3D TSV W3d 242
network total energy 229685966.13389 pJ
network power 68.9008 mW
total NoC latency 4731747.55992 ns
computing latency 158646.0 ns
total system latency 4890393.55992 ns
----------network performance done--------------------


-------------------network time report--------------------
The noc sim time is: 1.425868272781372 s
The total computing+network sim time is: 1.4472439289093018 s 



Total sim time is: 1.4472589492797852 s
Test case 2 done. Please check Results/PPA.csv for PPA information and Results/tile_map.png for tile mapping information

Press Enter to execute next test caseTest Case 3: Running HISIM to obtain PPA for different TSV pitches
AI Network: densenet121
HW configuration ( SAsize-Npe-Ntile-Ntier-Nstack-chip_arch):128-36-256-2-1-3D
TSV_pitch: 2 um
=========================================start HISIM simulation =========================================  

Loading file: /ece/home/nalla052/HISIM-develop/HISIM-SystolicArray/Module_AI_Map/Onnx_codes/Onnx_network/Network_densenet121.csv
Data loaded successfully from Network_densenet121.csv
---------------------------------------------------- 

start mapping  densenet121 

----------computing performance results-----------------
--------------------------------------------------------
Total compute latency 158646.0 ns
Total dynamic energy 7.91772 mJ
Overall compute Power 49.90811 W
Total tiles area 209885.84607 mm2
Total tiles area each tier, 104942.92304 mm2
Computing model sim time is: 0.018561363220214844 s
--------------------------------------------------------
----------computing performance done--------------------


----------network performance results--------------------
----------network data information-----------------------
Total Q bits for 2d communication: 54078392
Total HOP for 2d communication: 596997
Total Q bits for 3d communication: 274364
Total HOP for 3d communication: 39424
--------------network area report------------------------
single tile area 409.93329 mm2
single router area 0.11393 mm2
edge length single router 0.33753 mm
edge length single tile 20.24681 mm
total 3d stack area 108471.03783 mm2
2.5d area 0
---------------------------------------------------------
2D NoC W2d 32
3D TSV W3d 1458
network total energy 652790441.33584 pJ
network power 815.11039 mW
total NoC latency 6562380.85665 ns
computing latency 158646.0 ns
total system latency 6721026.85665 ns
----------network performance done--------------------


-------------------network time report--------------------
The noc sim time is: 2.396699905395508 s
The total computing+network sim time is: 2.4152612686157227 s 



Total sim time is: 2.4152705669403076 s
TSV_pitch: 3 um
=========================================start HISIM simulation =========================================  

Loading file: /ece/home/nalla052/HISIM-develop/HISIM-SystolicArray/Module_AI_Map/Onnx_codes/Onnx_network/Network_densenet121.csv
Data loaded successfully from Network_densenet121.csv
---------------------------------------------------- 

start mapping  densenet121 

----------computing performance results-----------------
--------------------------------------------------------
Total compute latency 158646.0 ns
Total dynamic energy 7.91772 mJ
Overall compute Power 49.90811 W
Total tiles area 209885.84607 mm2
Total tiles area each tier, 104942.92304 mm2
Computing model sim time is: 0.019518136978149414 s
--------------------------------------------------------
----------computing performance done--------------------


----------network performance results--------------------
----------network data information-----------------------
Total Q bits for 2d communication: 54078392
Total HOP for 2d communication: 596997
Total Q bits for 3d communication: 274364
Total HOP for 3d communication: 39424
--------------network area report------------------------
single tile area 409.93329 mm2
single router area 0.03257 mm2
edge length single router 0.18047 mm
edge length single tile 20.24681 mm
total 3d stack area 106822.11154 mm2
2.5d area 0
---------------------------------------------------------
2D NoC W2d 32
3D TSV W3d 648
network total energy 540943801.54665 pJ
network power 248.38613 mW
total NoC latency 6562851.30247 ns
computing latency 158646.0 ns
total system latency 6721497.30247 ns
----------network performance done--------------------


-------------------network time report--------------------
The noc sim time is: 2.3730194568634033 s
The total computing+network sim time is: 2.3925375938415527 s 



Total sim time is: 2.3925468921661377 s
TSV_pitch: 4 um
=========================================start HISIM simulation =========================================  

Loading file: /ece/home/nalla052/HISIM-develop/HISIM-SystolicArray/Module_AI_Map/Onnx_codes/Onnx_network/Network_densenet121.csv
Data loaded successfully from Network_densenet121.csv
---------------------------------------------------- 

start mapping  densenet121 

----------computing performance results-----------------
--------------------------------------------------------
Total compute latency 158646.0 ns
Total dynamic energy 7.91772 mJ
Overall compute Power 49.90811 W
Total tiles area 209885.84607 mm2
Total tiles area each tier, 104942.92304 mm2
Computing model sim time is: 0.019576072692871094 s
--------------------------------------------------------
----------computing performance done--------------------


----------network performance results--------------------
----------network data information-----------------------
Total Q bits for 2d communication: 54078392
Total HOP for 2d communication: 596997
Total Q bits for 3d communication: 274364
Total HOP for 3d communication: 39424
--------------network area report------------------------
single tile area 409.93329 mm2
single router area 0.01423 mm2
edge length single router 0.11931 mm
edge length single tile 20.24681 mm
total 3d stack area 106183.32881 mm2
2.5d area 0
---------------------------------------------------------
2D NoC W2d 32
3D TSV W3d 338
network total energy 518827637.65916 pJ
network power 136.44715 mW
total NoC latency 6563627.95562 ns
computing latency 158646.0 ns
total system latency 6722273.95562 ns
----------network performance done--------------------


-------------------network time report--------------------
The noc sim time is: 2.3828840255737305 s
The total computing+network sim time is: 2.4024600982666016 s 



Total sim time is: 2.4024696350097656 s
TSV_pitch: 5 um
=========================================start HISIM simulation =========================================  

Loading file: /ece/home/nalla052/HISIM-develop/HISIM-SystolicArray/Module_AI_Map/Onnx_codes/Onnx_network/Network_densenet121.csv
Data loaded successfully from Network_densenet121.csv
---------------------------------------------------- 

start mapping  densenet121 

----------computing performance results-----------------
--------------------------------------------------------
Total compute latency 158646.0 ns
Total dynamic energy 7.91772 mJ
Overall compute Power 49.90811 W
Total tiles area 209885.84607 mm2
Total tiles area each tier, 104942.92304 mm2
Computing model sim time is: 0.01945185661315918 s
--------------------------------------------------------
----------computing performance done--------------------


----------network performance results--------------------
----------network data information-----------------------
Total Q bits for 2d communication: 54078392
Total HOP for 2d communication: 596997
Total Q bits for 3d communication: 274364
Total HOP for 3d communication: 39424
--------------network area report------------------------
single tile area 409.93329 mm2
single router area 0.00999 mm2
edge length single router 0.09996 mm
edge length single tile 20.24681 mm
total 3d stack area 105981.70603 mm2
2.5d area 0
---------------------------------------------------------
2D NoC W2d 32
3D TSV W3d 242
network total energy 514301042.57705 pJ
network power 113.56149 mW
total NoC latency 6564271.97107 ns
computing latency 158646.0 ns
total system latency 6722917.97107 ns
----------network performance done--------------------


-------------------network time report--------------------
The noc sim time is: 2.3847248554229736 s
The total computing+network sim time is: 2.404176712036133 s 



Total sim time is: 2.404193639755249 s
TSV_pitch: 10 um
=========================================start HISIM simulation =========================================  

Loading file: /ece/home/nalla052/HISIM-develop/HISIM-SystolicArray/Module_AI_Map/Onnx_codes/Onnx_network/Network_densenet121.csv
Data loaded successfully from Network_densenet121.csv
---------------------------------------------------- 

start mapping  densenet121 

----------computing performance results-----------------
--------------------------------------------------------
Total compute latency 158646.0 ns
Total dynamic energy 7.91772 mJ
Overall compute Power 49.90811 W
Total tiles area 209885.84607 mm2
Total tiles area each tier, 104942.92304 mm2
Computing model sim time is: 0.01962876319885254 s
--------------------------------------------------------
----------computing performance done--------------------


----------network performance results--------------------
----------network data information-----------------------
Total Q bits for 2d communication: 54078392
Total HOP for 2d communication: 596997
Total Q bits for 3d communication: 274364
Total HOP for 3d communication: 39424
--------------network area report------------------------
single tile area 409.93329 mm2
single router area 0.00355 mm2
edge length single router 0.05956 mm
edge length single tile 20.24681 mm
total 3d stack area 105561.22869 mm2
2.5d area 0
---------------------------------------------------------
2D NoC W2d 32
3D TSV W3d 50
network total energy 508537653.0835 pJ
network power 84.45047 mW
total NoC latency 6572979.06 ns
computing latency 158646.0 ns
total system latency 6731625.06 ns
----------network performance done--------------------


-------------------network time report--------------------
The noc sim time is: 2.4446301460266113 s
The total computing+network sim time is: 2.464258909225464 s 



Total sim time is: 2.4642741680145264 s
TSV_pitch: 20 um
=========================================start HISIM simulation =========================================  

Loading file: /ece/home/nalla052/HISIM-develop/HISIM-SystolicArray/Module_AI_Map/Onnx_codes/Onnx_network/Network_densenet121.csv
Data loaded successfully from Network_densenet121.csv
---------------------------------------------------- 

start mapping  densenet121 

----------computing performance results-----------------
--------------------------------------------------------
Total compute latency 158646.0 ns
Total dynamic energy 7.91772 mJ
Overall compute Power 49.90811 W
Total tiles area 209885.84607 mm2
Total tiles area each tier, 104942.92304 mm2
Computing model sim time is: 0.027025461196899414 s
--------------------------------------------------------
----------computing performance done--------------------


----------network performance results--------------------
----------network data information-----------------------
Total Q bits for 2d communication: 54078392
Total HOP for 2d communication: 596997
Total Q bits for 3d communication: 274364
Total HOP for 3d communication: 39424
--------------network area report------------------------
single tile area 409.93329 mm2
single router area 0.0025 mm2
edge length single router 0.05 mm
edge length single tile 20.24681 mm
total 3d stack area 105461.83951 mm2
2.5d area 0
---------------------------------------------------------
2D NoC W2d 32
3D TSV W3d 8
network total energy 507838302.74438 pJ
network power 80.79782 mW
total NoC latency 6630595.5 ns
computing latency 158646.0 ns
total system latency 6789241.5 ns
----------network performance done--------------------


-------------------network time report--------------------
The noc sim time is: 2.3992483615875244 s
The total computing+network sim time is: 2.426273822784424 s 



Total sim time is: 2.4262900352478027 s
Test case 3 done. Please check Results/PPA.csv for PPA information and Results/tile_map.png for tile mapping information

Press Enter to execute next test caseTest Case 4: Running HISIM to obtain PPA for different NoC bandwidths
AI Network: densenet121
HW configuration ( SAsize-Npe-Ntile-Ntier-Nstack-chip_arch):128-36-256-2-1-3D
number of links of 2D NoC: 6
=========================================start HISIM simulation =========================================  

Loading file: /ece/home/nalla052/HISIM-develop/HISIM-SystolicArray/Module_AI_Map/Onnx_codes/Onnx_network/Network_densenet121.csv
Data loaded successfully from Network_densenet121.csv
---------------------------------------------------- 

start mapping  densenet121 

----------computing performance results-----------------
--------------------------------------------------------
Total compute latency 158646.0 ns
Total dynamic energy 7.91772 mJ
Overall compute Power 49.90811 W
Total tiles area 209885.84607 mm2
Total tiles area each tier, 104942.92304 mm2
Computing model sim time is: 0.02108931541442871 s
--------------------------------------------------------
----------computing performance done--------------------


----------network performance results--------------------
----------network data information-----------------------
Total Q bits for 2d communication: 54078392
Total HOP for 2d communication: 596997
Total Q bits for 3d communication: 274364
Total HOP for 3d communication: 39424
--------------network area report------------------------
single tile area 409.93329 mm2
single router area 0.00119 mm2
edge length single router 0.03451 mm
edge length single tile 20.24681 mm
total 3d stack area 105300.97166 mm2
2.5d area 0
---------------------------------------------------------
2D NoC W2d 6
3D TSV W3d 50
network total energy 367180117.57496 pJ
network power 22.13587 mW
total NoC latency 21219210.22667 ns
computing latency 158646.0 ns
total system latency 21377856.22667 ns
----------network performance done--------------------


-------------------network time report--------------------
The noc sim time is: 2.3822853565216064 s
The total computing+network sim time is: 2.403374671936035 s 



Total sim time is: 2.403388500213623 s
number of links of 2D NoC: 11
=========================================start HISIM simulation =========================================  

Loading file: /ece/home/nalla052/HISIM-develop/HISIM-SystolicArray/Module_AI_Map/Onnx_codes/Onnx_network/Network_densenet121.csv
Data loaded successfully from Network_densenet121.csv
---------------------------------------------------- 

start mapping  densenet121 

----------computing performance results-----------------
--------------------------------------------------------
Total compute latency 158646.0 ns
Total dynamic energy 7.91772 mJ
Overall compute Power 49.90811 W
Total tiles area 209885.84607 mm2
Total tiles area each tier, 104942.92304 mm2
Computing model sim time is: 0.02136850357055664 s
--------------------------------------------------------
----------computing performance done--------------------


----------network performance results--------------------
----------network data information-----------------------
Total Q bits for 2d communication: 54078392
Total HOP for 2d communication: 596997
Total Q bits for 3d communication: 274364
Total HOP for 3d communication: 39424
--------------network area report------------------------
single tile area 409.93329 mm2
single router area 0.00264 mm2
edge length single router 0.05139 mm
edge length single tile 20.24681 mm
total 3d stack area 105476.36204 mm2
2.5d area 0
---------------------------------------------------------
2D NoC W2d 11
3D TSV W3d 98
network total energy 395272886.98184 pJ
network power 40.6003 mW
total NoC latency 13020139.1744 ns
computing latency 158646.0 ns
total system latency 13178785.1744 ns
----------network performance done--------------------


-------------------network time report--------------------
The noc sim time is: 2.377415895462036 s
The total computing+network sim time is: 2.3987843990325928 s 



Total sim time is: 2.3987934589385986 s
number of links of 2D NoC: 16
=========================================start HISIM simulation =========================================  

Loading file: /ece/home/nalla052/HISIM-develop/HISIM-SystolicArray/Module_AI_Map/Onnx_codes/Onnx_network/Network_densenet121.csv
Data loaded successfully from Network_densenet121.csv
---------------------------------------------------- 

start mapping  densenet121 

----------computing performance results-----------------
--------------------------------------------------------
Total compute latency 158646.0 ns
Total dynamic energy 7.91772 mJ
Overall compute Power 49.90811 W
Total tiles area 209885.84607 mm2
Total tiles area each tier, 104942.92304 mm2
Computing model sim time is: 0.01987767219543457 s
--------------------------------------------------------
----------computing performance done--------------------


----------network performance results--------------------
----------network data information-----------------------
Total Q bits for 2d communication: 54078392
Total HOP for 2d communication: 596997
Total Q bits for 3d communication: 274364
Total HOP for 3d communication: 39424
--------------network area report------------------------
single tile area 409.93329 mm2
single router area 0.00393 mm2
edge length single router 0.06265 mm
edge length single tile 20.24681 mm
total 3d stack area 105593.39584 mm2
2.5d area 0
---------------------------------------------------------
2D NoC W2d 16
3D TSV W3d 128
network total energy 422997488.393 pJ
network power 56.98935 mW
total NoC latency 9946190.9375 ns
computing latency 158646.0 ns
total system latency 10104836.9375 ns
----------network performance done--------------------


-------------------network time report--------------------
The noc sim time is: 2.380093812942505 s
The total computing+network sim time is: 2.3999714851379395 s 



Total sim time is: 2.399979829788208 s
number of links of 2D NoC: 21
=========================================start HISIM simulation =========================================  

Loading file: /ece/home/nalla052/HISIM-develop/HISIM-SystolicArray/Module_AI_Map/Onnx_codes/Onnx_network/Network_densenet121.csv
Data loaded successfully from Network_densenet121.csv
---------------------------------------------------- 

start mapping  densenet121 

----------computing performance results-----------------
--------------------------------------------------------
Total compute latency 158646.0 ns
Total dynamic energy 7.91772 mJ
Overall compute Power 49.90811 W
Total tiles area 209885.84607 mm2
Total tiles area each tier, 104942.92304 mm2
Computing model sim time is: 0.019252777099609375 s
--------------------------------------------------------
----------computing performance done--------------------


----------network performance results--------------------
----------network data information-----------------------
Total Q bits for 2d communication: 54078392
Total HOP for 2d communication: 596997
Total Q bits for 3d communication: 274364
Total HOP for 3d communication: 39424
--------------network area report------------------------
single tile area 409.93329 mm2
single router area 0.00552 mm2
edge length single router 0.07429 mm
edge length single tile 20.24681 mm
total 3d stack area 105714.44389 mm2
2.5d area 0
---------------------------------------------------------
2D NoC W2d 21
3D TSV W3d 162
network total energy 451028507.21054 pJ
network power 73.97098 mW
total NoC latency 8335815.2575 ns
computing latency 158646.0 ns
total system latency 8494461.2575 ns
----------network performance done--------------------


-------------------network time report--------------------
The noc sim time is: 2.3744895458221436 s
The total computing+network sim time is: 2.393742322921753 s 



Total sim time is: 2.393758535385132 s
number of links of 2D NoC: 26
=========================================start HISIM simulation =========================================  

Loading file: /ece/home/nalla052/HISIM-develop/HISIM-SystolicArray/Module_AI_Map/Onnx_codes/Onnx_network/Network_densenet121.csv
Data loaded successfully from Network_densenet121.csv
---------------------------------------------------- 

start mapping  densenet121 

----------computing performance results-----------------
--------------------------------------------------------
Total compute latency 158646.0 ns
Total dynamic energy 7.91772 mJ
Overall compute Power 49.90811 W
Total tiles area 209885.84607 mm2
Total tiles area each tier, 104942.92304 mm2
Computing model sim time is: 0.019246816635131836 s
--------------------------------------------------------
----------computing performance done--------------------


----------network performance results--------------------
----------network data information-----------------------
Total Q bits for 2d communication: 54078392
Total HOP for 2d communication: 596997
Total Q bits for 3d communication: 274364
Total HOP for 3d communication: 39424
--------------network area report------------------------
single tile area 409.93329 mm2
single router area 0.00616 mm2
edge length single router 0.07851 mm
edge length single tile 20.24681 mm
total 3d stack area 105758.35481 mm2
2.5d area 0
---------------------------------------------------------
2D NoC W2d 26
3D TSV W3d 162
network total energy 478258425.62045 pJ
network power 85.4026 mW
total NoC latency 7345368.51757 ns
computing latency 158646.0 ns
total system latency 7504014.51757 ns
----------network performance done--------------------


-------------------network time report--------------------
The noc sim time is: 2.382564067840576 s
The total computing+network sim time is: 2.401810884475708 s 



Total sim time is: 2.401827096939087 s
number of links of 2D NoC: 31
=========================================start HISIM simulation =========================================  

Loading file: /ece/home/nalla052/HISIM-develop/HISIM-SystolicArray/Module_AI_Map/Onnx_codes/Onnx_network/Network_densenet121.csv
Data loaded successfully from Network_densenet121.csv
---------------------------------------------------- 

start mapping  densenet121 

----------computing performance results-----------------
--------------------------------------------------------
Total compute latency 158646.0 ns
Total dynamic energy 7.91772 mJ
Overall compute Power 49.90811 W
Total tiles area 209885.84607 mm2
Total tiles area each tier, 104942.92304 mm2
Computing model sim time is: 0.018945693969726562 s
--------------------------------------------------------
----------computing performance done--------------------


----------network performance results--------------------
----------network data information-----------------------
Total Q bits for 2d communication: 54078392
Total HOP for 2d communication: 596997
Total Q bits for 3d communication: 274364
Total HOP for 3d communication: 39424
--------------network area report------------------------
single tile area 409.93329 mm2
single router area 0.0082 mm2
edge length single router 0.09056 mm
edge length single tile 20.24681 mm
total 3d stack area 105883.75866 mm2
2.5d area 0
---------------------------------------------------------
2D NoC W2d 31
3D TSV W3d 200
network total energy 507109135.31805 pJ
network power 103.09828 mW
total NoC latency 6673777.15613 ns
computing latency 158646.0 ns
total system latency 6832423.15613 ns
----------network performance done--------------------


-------------------network time report--------------------
The noc sim time is: 2.384931802749634 s
The total computing+network sim time is: 2.4038774967193604 s 



Total sim time is: 2.4038925170898438 s
Test case 4 done. Please check Results/PPA.csv for PPA information and Results/tile_map.png for tile mapping information

